Library/Bee/Android/Prj/IL2CPP/Gradle/unityLibrary/build/intermediates/manifest_merge_blame_file/release/manifest-merger-blame-release-report.txt
1<?xml version="1.0" encoding="utf-8"?>
2<manifest xmlns:android="http://schemas.android.com/apk/res/android"
3    xmlns:tools="http://schemas.android.com/tools"
4    package="com.unity3d.player"
5    android:versionCode="1"
6    android:versionName="1.0" >
7
8    <uses-sdk
9        android:minSdkVersion="29"
9-->src\main\AndroidManifest.xml
10        android:targetSdkVersion="30" />
10-->src\main\AndroidManifest.xml
11
12    <uses-permission android:name="android.permission.CAMERA" />
12-->src\main\AndroidManifest.xml:21:3-63
12-->src\main\AndroidManifest.xml:21:20-60
13
14    <uses-feature
14-->src\main\AndroidManifest.xml:22:3-85
15        android:name="android.hardware.camera.ar"
15-->src\main\AndroidManifest.xml:22:17-58
16        android:required="true" />
16-->src\main\AndroidManifest.xml:22:59-82
17    <uses-feature
17-->src\main\AndroidManifest.xml:23:3-82
18        android:name="android.hardware.camera"
18-->src\main\AndroidManifest.xml:23:17-55
19        android:required="true" />
19-->src\main\AndroidManifest.xml:23:56-79
20    <uses-feature android:glEsVersion="0x00030000" />
20-->src\main\AndroidManifest.xml:24:3-52
20-->src\main\AndroidManifest.xml:24:17-49
21
22    <uses-permission android:name="android.permission.INTERNET" />
22-->src\main\AndroidManifest.xml:25:3-65
22-->src\main\AndroidManifest.xml:25:20-62
23
24    <uses-feature
24-->src\main\AndroidManifest.xml:26:3-88
25        android:name="android.hardware.touchscreen"
25-->src\main\AndroidManifest.xml:26:17-60
26        android:required="false" />
26-->src\main\AndroidManifest.xml:26:61-85
27    <uses-feature
27-->src\main\AndroidManifest.xml:27:3-99
28        android:name="android.hardware.touchscreen.multitouch"
28-->src\main\AndroidManifest.xml:27:17-71
29        android:required="false" />
29-->src\main\AndroidManifest.xml:27:72-96
30    <uses-feature
30-->src\main\AndroidManifest.xml:28:3-108
31        android:name="android.hardware.touchscreen.multitouch.distinct"
31-->src\main\AndroidManifest.xml:28:17-80
32        android:required="false" />
32-->src\main\AndroidManifest.xml:28:81-105
33
34    <application android:extractNativeLibs="true" >
34-->src\main\AndroidManifest.xml:3:3-20:17
34-->src\main\AndroidManifest.xml:3:16-48
35        <activity
35-->src\main\AndroidManifest.xml:4:5-11:16
36            android:name="com.unity3d.player.UnityPlayerActivity"
36-->src\main\AndroidManifest.xml:4:15-68
37            android:configChanges="mcc|mnc|locale|touchscreen|keyboard|keyboardHidden|navigation|orientation|screenLayout|uiMode|screenSize|smallestScreenSize|fontScale|layoutDirection|density"
37-->src\main\AndroidManifest.xml:4:181-362
38            android:hardwareAccelerated="false"
38-->src\main\AndroidManifest.xml:4:398-433
39            android:launchMode="singleTask"
39-->src\main\AndroidManifest.xml:4:149-180
40            android:resizeableActivity="false"
40-->src\main\AndroidManifest.xml:4:363-397
41            android:screenOrientation="landscape"
41-->src\main\AndroidManifest.xml:4:111-148
42            android:theme="@style/UnityThemeSelector" >
42-->src\main\AndroidManifest.xml:4:69-110
43            <intent-filter>
43-->src\main\AndroidManifest.xml:5:7-8:23
44                <action android:name="android.intent.action.MAIN" />
44-->src\main\AndroidManifest.xml:6:9-61
44-->src\main\AndroidManifest.xml:6:17-58
45
46                <category android:name="android.intent.category.LAUNCHER" />
46-->src\main\AndroidManifest.xml:7:9-69
46-->src\main\AndroidManifest.xml:7:19-66
47            </intent-filter>
48
49            <meta-data
49-->src\main\AndroidManifest.xml:9:7-82
50                android:name="unityplayer.UnityActivity"
50-->src\main\AndroidManifest.xml:9:18-58
51                android:value="true" />
51-->src\main\AndroidManifest.xml:9:59-79
52            <meta-data
52-->src\main\AndroidManifest.xml:10:7-78
53                android:name="android.notch_support"
53-->src\main\AndroidManifest.xml:10:18-54
54                android:value="true" />
54-->src\main\AndroidManifest.xml:10:55-75
55        </activity>
56
57        <meta-data
57-->src\main\AndroidManifest.xml:12:5-69
58            android:name="unity.splash-mode"
58-->src\main\AndroidManifest.xml:12:16-48
59            android:value="0" />
59-->src\main\AndroidManifest.xml:12:49-66
60        <meta-data
60-->src\main\AndroidManifest.xml:13:5-74
61            android:name="unity.splash-enable"
61-->src\main\AndroidManifest.xml:13:16-50
62            android:value="True" />
62-->src\main\AndroidManifest.xml:13:51-71
63        <meta-data
63-->src\main\AndroidManifest.xml:14:5-78
64            android:name="unity.launch-fullscreen"
64-->src\main\AndroidManifest.xml:14:16-54
65            android:value="True" />
65-->src\main\AndroidManifest.xml:14:55-75
66        <meta-data
66-->src\main\AndroidManifest.xml:15:5-84
67            android:name="unity.allow-resizable-window"
67-->src\main\AndroidManifest.xml:15:16-59
68            android:value="False" />
68-->src\main\AndroidManifest.xml:15:60-81
69        <meta-data
69-->src\main\AndroidManifest.xml:16:5-81
70            android:name="notch.config"
70-->src\main\AndroidManifest.xml:16:16-43
71            android:value="portrait|landscape" />
71-->src\main\AndroidManifest.xml:16:44-78
72
73        <activity
73-->src\main\AndroidManifest.xml:17:5-19:16
74            android:name="com.qualcomm.snapdragon.spaces.splashscreen.SplashScreenActivity"
74-->src\main\AndroidManifest.xml:17:15-94
75            android:exported="true" >
75-->src\main\AndroidManifest.xml:17:95-118
76            <intent-filter tools:node="removeAll" />
76-->src\main\AndroidManifest.xml:18:7-47
76-->src\main\AndroidManifest.xml:18:22-44
77        </activity>
78    </application>
79
80</manifest>